#
# A fatal error has been detected by the Java Runtime Environment:
#
#  EXCEPTION_ACCESS_VIOLATION (0xc0000005) at pc=0x000000005478b650, pid=49964, tid=0x000000000000c010
#
# JRE version: OpenJDK Runtime Environment (8.0_202-b03) (build 1.8.0_202-release-1483-b03)
# Java VM: OpenJDK 64-Bit Server VM (25.202-b03 mixed mode windows-amd64 compressed oops)
# Problematic frame:
# V  [jvm.dll+0x8b650]
#
# Failed to write core dump. Minidumps are not enabled by default on client versions of Windows
#
# If you would like to submit a bug report, please visit:
#   http://bugreport.java.com/bugreport/crash.jsp
#

---------------  T H R E A D  ---------------

Current thread (0x0000000001ffa800):  GCTaskThread [stack: 0x0000000011bb0000,0x0000000011cb0000] [id=49168]

siginfo: ExceptionCode=0xc0000005, reading address 0x0000000000000008

Registers:
RAX=0x0000000000000000, RBX=0x00000000f06f0528, RCX=0x00000000f06f0528, RDX=0x0000000000000000
RSP=0x0000000011caf688, RBP=0x0000000011508106, RSI=0x0000000015a143c0, RDI=0x00000000ad0170a8
R8 =0x0000000015a143c0, R9 =0x000000000000001d, R10=0x0000000000000008, R11=0x00000000fa55d890
R12=0x0000000011508081, R13=0x0000000000000000, R14=0x0000000000000000, R15=0x0000000001ff2300
RIP=0x000000005478b650, EFLAGS=0x0000000000010246

Top of Stack: (sp=0x0000000011caf688)
0x0000000011caf688:   0000000054aceb82 00000000f46f0508
0x0000000011caf698:   0000000000000004 0000000015a143c0
0x0000000011caf6a8:   0000000054d19290 00000000fa5558a0
0x0000000011caf6b8:   0000000000001000 00000000b35c5f20
0x0000000011caf6c8:   0000000000000400 0000000000000000
0x0000000011caf6d8:   0000000015a14300 0000000011508081
0x0000000011caf6e8:   0000000054aceef0 00000000fa555c2c
0x0000000011caf6f8:   0000000011508106 0000000015a143c0
0x0000000011caf708:   00000000ad0170a8 00000000fa555c2c
0x0000000011caf718:   0000000054acfa95 00000000f4042d28
0x0000000011caf728:   0000000011508106 0000000015a143c0
0x0000000011caf738:   00007fff9fa9124a 0000000011caf7f8
0x0000000011caf748:   000000000550db08 00000000a3a1cb24
0x0000000011caf758:   00000000547ef897 0000000015a143c0
0x0000000011caf768:   00000000547edf73 00000000ad010941
0x0000000011caf778:   00000000ad010941 00000000ad012860 

Instructions: (pc=0x000000005478b650)
0x000000005478b630:   7c 5f 1d 00 48 8b 9c 24 c0 00 00 00 48 81 c4 b0
0x000000005478b640:   00 00 00 5d c3 cc cc cc cc cc cc cc cc cc cc cc
0x000000005478b650:   44 8b 42 08 4c 8b ca 45 85 c0 7e 0e 41 f6 c0 01
0x000000005478b660:   75 57 41 c1 f8 03 41 8b c0 c3 79 4d 80 3d fe 47 


Register to memory mapping:

RAX=0x0000000000000000 is an unknown value
RBX=0x00000000f06f0528 is an unknown value
RCX=0x00000000f06f0528 is an unknown value
RDX=0x0000000000000000 is an unknown value
RSP=0x0000000011caf688 is an unknown value
RBP=0x0000000011508106 is an unknown value
RSI=0x0000000015a143c0 is an unknown value
RDI=0x00000000ad0170a8 is an oop
[B 
 - klass: {type array byte}
 - length: 31144
R8 =0x0000000015a143c0 is an unknown value
R9 =0x000000000000001d is an unknown value
R10=0x0000000000000008 is an unknown value
R11=0x00000000fa55d890 is an oop

[error occurred during error reporting (printing register info), id 0xc0000005]

Stack: [0x0000000011bb0000,0x0000000011cb0000],  sp=0x0000000011caf688,  free space=1021k
Native frames: (J=compiled Java code, j=interpreted, Vv=VM code, C=native code)
V  [jvm.dll+0x8b650]


---------------  P R O C E S S  ---------------

Java Threads: ( => current thread )
  0x000000002dd5a800 JavaThread "Cache worker for execution history cache (C:\Users\Han\Desktop\2\.gradle\5.4.1\executionHistory)" [_thread_blocked, id=44824, stack(0x0000000025920000,0x0000000025a20000)]
  0x000000002dd53800 JavaThread "Execution worker for ':' Thread 3" [_thread_blocked, id=50836, stack(0x0000000025820000,0x0000000025920000)]
  0x000000002dd56800 JavaThread "Execution worker for ':' Thread 2" [_thread_blocked, id=50576, stack(0x0000000025720000,0x0000000025820000)]
  0x000000002dd53000 JavaThread "Execution worker for ':'" [_thread_blocked, id=45936, stack(0x0000000025620000,0x0000000025720000)]
  0x000000002dd55000 JavaThread "Cache worker for file content cache (C:\Users\Han\Desktop\2\.gradle\5.4.1\fileContent)" [_thread_blocked, id=51020, stack(0x0000000025320000,0x0000000025420000)]
  0x000000002dd56000 JavaThread "Cache worker for Build Output Cleanup Cache (C:\Users\Han\Desktop\2\.gradle\buildOutputCleanup)" [_thread_blocked, id=49840, stack(0x00000000249f0000,0x0000000024af0000)]
  0x000000002dd4f000 JavaThread "Build operations Thread 4" [_thread_blocked, id=50160, stack(0x0000000023ff0000,0x00000000240f0000)]
  0x000000002dd52000 JavaThread "Build operations Thread 3" [_thread_blocked, id=50664, stack(0x0000000023c10000,0x0000000023d10000)]
  0x000000001b3c6000 JavaThread "Build operations Thread 2" [_thread_blocked, id=25620, stack(0x0000000021c40000,0x0000000021d40000)]
  0x000000001b3c2000 JavaThread "Build operations" [_thread_blocked, id=45828, stack(0x0000000021540000,0x0000000021640000)]
  0x000000001b3c5000 JavaThread "Cache worker for cache directory md-rule (C:\Users\Han\.gradle\caches\5.4.1\md-rule)" [_thread_blocked, id=50764, stack(0x0000000021230000,0x0000000021330000)]
  0x000000001b3c4800 JavaThread "Cache worker for cache directory md-supplier (C:\Users\Han\.gradle\caches\5.4.1\md-supplier)" [_thread_blocked, id=50516, stack(0x0000000021130000,0x0000000021230000)]
  0x000000001b3c3800 JavaThread "Cache worker for file hash cache (C:\Users\Han\Desktop\2\.gradle\5.4.1\fileHashes)" [_thread_blocked, id=46952, stack(0x000000001ffa0000,0x00000000200a0000)]
  0x000000001b3c0000 JavaThread "Thread-298" [_thread_blocked, id=51140, stack(0x000000001fba0000,0x000000001fca0000)]
  0x000000001b3bf000 JavaThread "Asynchronous log dispatcher for DefaultDaemonConnection: socket connection from /127.0.0.1:61448 to /127.0.0.1:63018" [_thread_blocked, id=45044, stack(0x000000001df10000,0x000000001e010000)]
  0x000000001b3bb800 JavaThread "Daemon worker Thread 9" [_thread_blocked, id=50720, stack(0x000000001a6a0000,0x000000001a7a0000)]
  0x000000001b3bd800 JavaThread "Cancel handler" [_thread_blocked, id=44536, stack(0x000000001a3a0000,0x000000001a4a0000)]
  0x000000001b3b7000 JavaThread "Handler for socket connection from /127.0.0.1:61448 to /127.0.0.1:63018" [_thread_in_native, id=47980, stack(0x000000001a2a0000,0x000000001a3a0000)]
  0x000000001b3b9000 JavaThread "Daemon Thread 9" [_thread_blocked, id=46084, stack(0x0000000019ea0000,0x0000000019fa0000)]
  0x000000001ec79000 JavaThread "Cache worker for Java compile cache (C:\Users\Han\.gradle\caches\5.4.1\javaCompile)" [_thread_blocked, id=47724, stack(0x0000000019fa0000,0x000000001a0a0000)]
  0x000000001ec76000 JavaThread "Cache worker for file content cache (C:\Users\Han\.gradle\caches\5.4.1\fileContent)" [_thread_blocked, id=37860, stack(0x00000000244f0000,0x00000000245f0000)]
  0x000000001d5fb800 JavaThread "Memory manager" [_thread_blocked, id=48920, stack(0x0000000022940000,0x0000000022a40000)]
  0x000000001d5ef800 JavaThread "Cache worker for execution history cache (C:\Users\Han\.gradle\caches\5.4.1\executionHistory)" [_thread_blocked, id=18840, stack(0x000000001fea0000,0x000000001ffa0000)]
  0x000000001824f800 JavaThread "Cache worker for journal cache (C:\Users\Han\.gradle\caches\journal-1)" [_thread_blocked, id=43256, stack(0x000000001a9a0000,0x000000001aaa0000)]
  0x000000001824d000 JavaThread "File lock request listener" [_thread_in_native, id=49040, stack(0x000000001a8a0000,0x000000001a9a0000)]
  0x000000001824e000 JavaThread "Cache worker for file hash cache (C:\Users\Han\.gradle\caches\5.4.1\fileHashes)" [_thread_blocked, id=45072, stack(0x000000001a7a0000,0x000000001a8a0000)]
  0x0000000018bd6800 JavaThread "Daemon periodic checks" [_thread_blocked, id=46704, stack(0x0000000019da0000,0x0000000019ea0000)]
  0x000000001891f000 JavaThread "Incoming local TCP Connector on port 61448" [_thread_in_native, id=24296, stack(0x00000000198b0000,0x00000000199b0000)]
  0x0000000018cb3800 JavaThread "Daemon health stats" [_thread_blocked, id=49776, stack(0x00000000192d0000,0x00000000193d0000)]
  0x000000001740e000 JavaThread "Service Thread" daemon [_thread_blocked, id=50172, stack(0x0000000017900000,0x0000000017a00000)]
  0x0000000015aac800 JavaThread "C1 CompilerThread2" daemon [_thread_blocked, id=31848, stack(0x0000000017800000,0x0000000017900000)]
  0x0000000015a53800 JavaThread "C2 CompilerThread1" daemon [_thread_blocked, id=49320, stack(0x0000000017300000,0x0000000017400000)]
  0x0000000015a57800 JavaThread "C2 CompilerThread0" daemon [_thread_blocked, id=42692, stack(0x0000000017200000,0x0000000017300000)]
  0x0000000015a56000 JavaThread "Attach Listener" daemon [_thread_blocked, id=42236, stack(0x0000000017100000,0x0000000017200000)]
  0x0000000015a54800 JavaThread "Signal Dispatcher" daemon [_thread_blocked, id=45992, stack(0x0000000017000000,0x0000000017100000)]
  0x00000000020db000 JavaThread "Finalizer" daemon [_thread_blocked, id=45584, stack(0x0000000016cb0000,0x0000000016db0000)]
  0x0000000015a39000 JavaThread "Reference Handler" daemon [_thread_blocked, id=45900, stack(0x0000000016bb0000,0x0000000016cb0000)]
  0x0000000001fde000 JavaThread "main" [_thread_blocked, id=49624, stack(0x0000000001eb0000,0x0000000001fb0000)]

Other Threads:
  0x0000000015a16000 VMThread [stack: 0x0000000016ab0000,0x0000000016bb0000] [id=47984]
  0x0000000017403800 WatcherThread [stack: 0x0000000017a00000,0x0000000017b00000] [id=48996]

=>0x0000000001ffa800 (exited) GCTaskThread [stack: 0x0000000011bb0000,0x0000000011cb0000] [id=49168]

VM state:at safepoint (normal execution)

VM Mutex/Monitor currently owned by a thread:  ([mutex/lock_event])
[0x0000000001fdcfd0] Threads_lock - owner thread: 0x0000000015a16000
[0x0000000001fdcf50] Heap_lock - owner thread: 0x000000001824f800

heap address: 0x00000000a0000000, size: 1536 MB, Compressed Oops mode: 32-bit
Narrow klass base: 0x0000000000000000, Narrow klass shift: 3
Compressed class space size: 1073741824 Address: 0x0000000100000000

Heap:
 PSYoungGen      total 412160K, used 355818K [0x00000000e0000000, 0x0000000100000000, 0x0000000100000000)
  eden space 300032K, 100% used [0x00000000e0000000,0x00000000f2500000,0x00000000f2500000)
  from space 112128K, 49% used [0x00000000f2500000,0x00000000f5b7aa78,0x00000000f9280000)
  to   space 110080K, 28% used [0x00000000f9480000,0x00000000fb2a4680,0x0000000100000000)
 ParOldGen       total 385024K, used 321153K [0x00000000a0000000, 0x00000000b7800000, 0x00000000e0000000)
  object space 385024K, 83% used [0x00000000a0000000,0x00000000b39a0710,0x00000000b7800000)
 Metaspace       used 105220K, capacity 112316K, committed 112472K, reserved 1146880K
  class space    used 13266K, capacity 14457K, committed 14464K, reserved 1048576K

Card table byte_map: [0x00000000114a0000,0x00000000117b0000] byte_map_base: 0x0000000010fa0000

Marking Bits: (ParMarkBitMap*) 0x0000000054ec9f30
 Begin Bits: [0x0000000011db0000, 0x00000000135b0000)
 End Bits:   [0x00000000135b0000, 0x0000000014db0000)

Polling page: 0x0000000000620000

CodeCache: size=245760Kb used=82217Kb max_used=82442Kb free=163542Kb
 bounds [0x00000000020e0000, 0x0000000007210000, 0x00000000110e0000]
 total_blobs=22447 nmethods=21531 adapters=827
 compilation: enabled

Compilation events (10 events):
Event: 7334.517 Thread 0x0000000015a57800 30181       4       org.gradle.internal.operations.DefaultBuildOperationQueue$WorkerRunnable::run (22 bytes)
Event: 7334.659 Thread 0x0000000015a53800 30182       4       java.security.MessageDigest::update (14 bytes)
Event: 7334.747 Thread 0x0000000015a53800 nmethod 30182 0x0000000003c36dd0 code [0x0000000003c36f40, 0x0000000003c37458]
Event: 7334.773 Thread 0x0000000015a53800 30183       4       com.google.common.collect.CompactHashMap::resizeTable (137 bytes)
Event: 7334.790 Thread 0x0000000015a53800 nmethod 30183 0x00000000050cb3d0 code [0x00000000050cb520, 0x00000000050cb8d8]
Event: 7335.087 Thread 0x0000000015a57800 nmethod 30181 0x0000000006d98410 code [0x0000000006d98720, 0x0000000006d99d98]
Event: 7335.850 Thread 0x0000000015a53800 30184   !   4       java.util.concurrent.ConcurrentHashMap::putVal (362 bytes)
Event: 7336.218 Thread 0x0000000015a53800 nmethod 30184 0x0000000005cb59d0 code [0x0000000005cb5ba0, 0x0000000005cb6ad0]
Event: 7342.529 Thread 0x0000000015a57800 30185       4       java.util.concurrent.locks.AbstractQueuedSynchronizer$ConditionObject::signal (33 bytes)
Event: 7342.544 Thread 0x0000000015a57800 nmethod 30185 0x0000000004206b10 code [0x0000000004206c80, 0x0000000004206fa8]

GC Heap History (10 events):
Event: 6281.044 GC heap after
Heap after GC invocations=69 (full 8):
 PSYoungGen      total 460800K, used 38142K [0x00000000e0000000, 0x0000000100000000, 0x0000000100000000)
  eden space 401408K, 0% used [0x00000000e0000000,0x00000000e0000000,0x00000000f8800000)
  from space 59392K, 64% used [0x00000000f8800000,0x00000000fad3f830,0x00000000fc200000)
  to   space 60928K, 0% used [0x00000000fc480000,0x00000000fc480000,0x0000000100000000)
 ParOldGen       total 385024K, used 207642K [0x00000000a0000000, 0x00000000b7800000, 0x00000000e0000000)
  object space 385024K, 53% used [0x00000000a0000000,0x00000000acac6a20,0x00000000b7800000)
 Metaspace       used 104775K, capacity 111786K, committed 111960K, reserved 1146880K
  class space    used 13235K, capacity 14402K, committed 14464K, reserved 1048576K
}
Event: 6288.708 GC heap before
{Heap before GC invocations=70 (full 8):
 PSYoungGen      total 460800K, used 439550K [0x00000000e0000000, 0x0000000100000000, 0x0000000100000000)
  eden space 401408K, 100% used [0x00000000e0000000,0x00000000f8800000,0x00000000f8800000)
  from space 59392K, 64% used [0x00000000f8800000,0x00000000fad3f830,0x00000000fc200000)
  to   space 60928K, 0% used [0x00000000fc480000,0x00000000fc480000,0x0000000100000000)
 ParOldGen       total 385024K, used 207642K [0x00000000a0000000, 0x00000000b7800000, 0x00000000e0000000)
  object space 385024K, 53% used [0x00000000a0000000,0x00000000acac6a20,0x00000000b7800000)
 Metaspace       used 104782K, capacity 111786K, committed 111960K, reserved 1146880K
  class space    used 13236K, capacity 14402K, committed 14464K, reserved 1048576K
Event: 6289.029 GC heap after
Heap after GC invocations=70 (full 8):
 PSYoungGen      total 463872K, used 32301K [0x00000000e0000000, 0x00000000fff80000, 0x0000000100000000)
  eden space 403456K, 0% used [0x00000000e0000000,0x00000000e0000000,0x00000000f8a00000)
  from space 60416K, 53% used [0x00000000fc480000,0x00000000fe40b430,0x00000000fff80000)
  to   space 59904K, 0% used [0x00000000f8a00000,0x00000000f8a00000,0x00000000fc480000)
 ParOldGen       total 385024K, used 207650K [0x00000000a0000000, 0x00000000b7800000, 0x00000000e0000000)
  object space 385024K, 53% used [0x00000000a0000000,0x00000000acac8a20,0x00000000b7800000)
 Metaspace       used 104782K, capacity 111786K, committed 111960K, reserved 1146880K
  class space    used 13236K, capacity 14402K, committed 14464K, reserved 1048576K
}
Event: 6312.135 GC heap before
{Heap before GC invocations=71 (full 8):
 PSYoungGen      total 463872K, used 435606K [0x00000000e0000000, 0x00000000fff80000, 0x0000000100000000)
  eden space 403456K, 99% used [0x00000000e0000000,0x00000000f89da750,0x00000000f8a00000)
  from space 60416K, 53% used [0x00000000fc480000,0x00000000fe40b430,0x00000000fff80000)
  to   space 59904K, 0% used [0x00000000f8a00000,0x00000000f8a00000,0x00000000fc480000)
 ParOldGen       total 385024K, used 207650K [0x00000000a0000000, 0x00000000b7800000, 0x00000000e0000000)
  object space 385024K, 53% used [0x00000000a0000000,0x00000000acac8a20,0x00000000b7800000)
 Metaspace       used 104853K, capacity 111796K, committed 111960K, reserved 1146880K
  class space    used 13237K, capacity 14403K, committed 14464K, reserved 1048576K
Event: 6313.397 GC heap after
Heap after GC invocations=71 (full 8):
 PSYoungGen      total 461312K, used 57533K [0x00000000e0000000, 0x0000000100000000, 0x0000000100000000)
  eden space 403456K, 0% used [0x00000000e0000000,0x00000000e0000000,0x00000000f8a00000)
  from space 57856K, 99% used [0x00000000f8a00000,0x00000000fc22f498,0x00000000fc280000)
  to   space 62976K, 0% used [0x00000000fc280000,0x00000000fc280000,0x0000000100000000)
 ParOldGen       total 385024K, used 207650K [0x00000000a0000000, 0x00000000b7800000, 0x00000000e0000000)
  object space 385024K, 53% used [0x00000000a0000000,0x00000000acac8a20,0x00000000b7800000)
 Metaspace       used 104853K, capacity 111796K, committed 111960K, reserved 1146880K
  class space    used 13237K, capacity 14403K, committed 14464K, reserved 1048576K
}
Event: 6319.660 GC heap before
{Heap before GC invocations=72 (full 8):
 PSYoungGen      total 461312K, used 460989K [0x00000000e0000000, 0x0000000100000000, 0x0000000100000000)
  eden space 403456K, 100% used [0x00000000e0000000,0x00000000f8a00000,0x00000000f8a00000)
  from space 57856K, 99% used [0x00000000f8a00000,0x00000000fc22f498,0x00000000fc280000)
  to   space 62976K, 0% used [0x00000000fc280000,0x00000000fc280000,0x0000000100000000)
 ParOldGen       total 385024K, used 207650K [0x00000000a0000000, 0x00000000b7800000, 0x00000000e0000000)
  object space 385024K, 53% used [0x00000000a0000000,0x00000000acac8a20,0x00000000b7800000)
 Metaspace       used 104869K, capacity 111796K, committed 111960K, reserved 1146880K
  class space    used 13237K, capacity 14403K, committed 14464K, reserved 1048576K
Event: 6343.448 GC heap after
Heap after GC invocations=72 (full 8):
 PSYoungGen      total 363008K, used 62957K [0x00000000e0000000, 0x0000000100000000, 0x0000000100000000)
  eden space 300032K, 0% used [0x00000000e0000000,0x00000000e0000000,0x00000000f2500000)
  from space 62976K, 99% used [0x00000000fc280000,0x00000000ffffb6f8,0x0000000100000000)
  to   space 112128K, 0% used [0x00000000f2500000,0x00000000f2500000,0x00000000f9280000)
 ParOldGen       total 385024K, used 304112K [0x00000000a0000000, 0x00000000b7800000, 0x00000000e0000000)
  object space 385024K, 78% used [0x00000000a0000000,0x00000000b28fc230,0x00000000b7800000)
 Metaspace       used 104869K, capacity 111796K, committed 111960K, reserved 1146880K
  class space    used 13237K, capacity 14403K, committed 14464K, reserved 1048576K
}
Event: 6861.844 GC heap before
{Heap before GC invocations=73 (full 8):
 PSYoungGen      total 363008K, used 362989K [0x00000000e0000000, 0x0000000100000000, 0x0000000100000000)
  eden space 300032K, 100% used [0x00000000e0000000,0x00000000f2500000,0x00000000f2500000)
  from space 62976K, 99% used [0x00000000fc280000,0x00000000ffffb6f8,0x0000000100000000)
  to   space 112128K, 0% used [0x00000000f2500000,0x00000000f2500000,0x00000000f9280000)
 ParOldGen       total 385024K, used 304112K [0x00000000a0000000, 0x00000000b7800000, 0x00000000e0000000)
  object space 385024K, 78% used [0x00000000a0000000,0x00000000b28fc230,0x00000000b7800000)
 Metaspace       used 105082K, capacity 112096K, committed 112216K, reserved 1146880K
  class space    used 13252K, capacity 14431K, committed 14464K, reserved 1048576K
Event: 6938.757 GC heap after
Heap after GC invocations=73 (full 8):
 PSYoungGen      total 412160K, used 55786K [0x00000000e0000000, 0x0000000100000000, 0x0000000100000000)
  eden space 300032K, 0% used [0x00000000e0000000,0x00000000e0000000,0x00000000f2500000)
  from space 112128K, 49% used [0x00000000f2500000,0x00000000f5b7aa78,0x00000000f9280000)
  to   space 110080K, 0% used [0x00000000f9480000,0x00000000f9480000,0x0000000100000000)
 ParOldGen       total 385024K, used 315735K [0x00000000a0000000, 0x00000000b7800000, 0x00000000e0000000)
  object space 385024K, 82% used [0x00000000a0000000,0x00000000b3455d98,0x00000000b7800000)
 Metaspace       used 105082K, capacity 112096K, committed 112216K, reserved 1146880K
  class space    used 13252K, capacity 14431K, committed 14464K, reserved 1048576K
}
Event: 7342.784 GC heap before
{Heap before GC invocations=74 (full 8):
 PSYoungGen      total 412160K, used 355818K [0x00000000e0000000, 0x0000000100000000, 0x0000000100000000)
  eden space 300032K, 100% used [0x00000000e0000000,0x00000000f2500000,0x00000000f2500000)
  from space 112128K, 49% used [0x00000000f2500000,0x00000000f5b7aa78,0x00000000f9280000)
  to   space 110080K, 0% used [0x00000000f9480000,0x00000000f9480000,0x0000000100000000)
 ParOldGen       total 385024K, used 315735K [0x00000000a0000000, 0x00000000b7800000, 0x00000000e0000000)
  object space 385024K, 82% used [0x00000000a0000000,0x00000000b3455d98,0x00000000b7800000)
 Metaspace       used 105220K, capacity 112316K, committed 112472K, reserved 1146880K
  class space    used 13266K, capacity 14457K, committed 14464K, reserved 1048576K

Deoptimization events (10 events):
Event: 7031.097 Thread 0x000000001d5f9000 Uncommon trap: reason=unstable_if action=reinterpret pc=0x0000000006f979b0 method=com.sun.tools.javac.comp.Check.checkConflicts(Lcom/sun/tools/javac/util/JCDiagnostic$DiagnosticPosition;Lcom/sun/tools/javac/code/Symbol;Lcom/sun/tools/javac/code/Symbol$Typ
Event: 7031.097 Thread 0x000000001d5f9000 Uncommon trap: reason=unstable_if action=reinterpret pc=0x0000000006fbb7e0 method=com.sun.tools.javac.comp.Lower$1.visitVarDef(Lcom/sun/tools/javac/tree/JCTree$JCVariableDecl;)V @ 11
Event: 7031.180 Thread 0x000000001d5f9000 Uncommon trap: reason=unstable_if action=reinterpret pc=0x0000000006fbed94 method=com.sun.tools.javac.jvm.ClassWriter.adjustFlags(J)I @ 10
Event: 7031.303 Thread 0x000000001d5f9000 Uncommon trap: reason=unstable_if action=reinterpret pc=0x0000000006f63e24 method=com.sun.tools.javac.util.Position$LineMapImpl.getLineNumber(I)I @ 66
Event: 7031.339 Thread 0x000000001d5f9000 Uncommon trap: reason=unstable_if action=reinterpret pc=0x0000000006f63404 method=com.sun.tools.javac.jvm.ClassWriter.adjustFlags(J)I @ 10
Event: 7051.943 Thread 0x000000002dd5d800 Uncommon trap: reason=class_check action=maybe_recompile pc=0x0000000004d4d4e0 method=java.util.stream.StreamSpliterators$AbstractWrappingSpliterator.doAdvance()Z @ 37
Event: 7081.805 Thread 0x000000002dd5d800 Uncommon trap: reason=class_check action=maybe_recompile pc=0x00000000052a4124 method=org.gradle.internal.execution.history.changes.SortedMapDiffUtil.diff(Ljava/util/SortedMap;Ljava/util/SortedMap;Lorg/gradle/internal/execution/history/changes/PropertyDif
Event: 7084.178 Thread 0x000000001b3b9000 Uncommon trap: reason=class_check action=maybe_recompile pc=0x0000000005b8a034 method=java.util.HashMap$EntrySpliterator.forEachRemaining(Ljava/util/function/Consumer;)V @ 142
Event: 7305.616 Thread 0x000000002dd53800 Uncommon trap: reason=unstable_if action=reinterpret pc=0x0000000003599158 method=java.util.concurrent.ConcurrentHashMap.initTable()[Ljava/util/concurrent/ConcurrentHashMap$Node; @ 20
Event: 7305.616 Thread 0x000000002dd53000 Uncommon trap: reason=unstable_if action=reinterpret pc=0x0000000003599158 method=java.util.concurrent.ConcurrentHashMap.initTable()[Ljava/util/concurrent/ConcurrentHashMap$Node; @ 20

Classes redefined (0 events):
No events

Internal exceptions (10 events):
Event: 6366.991 Thread 0x000000001b3c2000 Implicit null exception at 0x0000000006295053 to 0x0000000006297c59
Event: 6373.239 Thread 0x000000002dd53000 Implicit null exception at 0x0000000002bd177e to 0x0000000002bd1875
Event: 6378.598 Thread 0x000000002dd53000 Exception <a 'sun/nio/fs/WindowsException'> (0x00000000edd921b8) thrown at [D:\src\AOSP-openjdk-cygwin\jdk8u\hotspot\src\share\vm\prims\jni.cpp, line 710]
Event: 7053.725 Thread 0x000000001b3b9000 Exception <a 'sun/nio/fs/WindowsException'> (0x00000000e7648930) thrown at [D:\src\AOSP-openjdk-cygwin\jdk8u\hotspot\src\share\vm\prims\jni.cpp, line 710]
Event: 7056.032 Thread 0x000000001b3b9000 Exception <a 'sun/nio/fs/WindowsException'> (0x00000000e78c6f08) thrown at [D:\src\AOSP-openjdk-cygwin\jdk8u\hotspot\src\share\vm\prims\jni.cpp, line 710]
Event: 7056.176 Thread 0x000000001b3b9000 Exception <a 'sun/nio/fs/WindowsException'> (0x00000000e7953978) thrown at [D:\src\AOSP-openjdk-cygwin\jdk8u\hotspot\src\share\vm\prims\jni.cpp, line 710]
Event: 7072.766 Thread 0x000000001b3bd800 Exception <a 'sun/nio/fs/WindowsException'> (0x00000000e8a15df8) thrown at [D:\src\AOSP-openjdk-cygwin\jdk8u\hotspot\src\share\vm\prims\jni.cpp, line 710]
Event: 7080.604 Thread 0x000000001b3c2000 Exception <a 'sun/nio/fs/WindowsException'> (0x00000000eab3c0c0) thrown at [D:\src\AOSP-openjdk-cygwin\jdk8u\hotspot\src\share\vm\prims\jni.cpp, line 710]
Event: 7080.722 Thread 0x000000001b3c2000 Exception <a 'java/lang/InterruptedException'> (0x00000000eab3cb18) thrown at [D:\src\AOSP-openjdk-cygwin\jdk8u\hotspot\src\share\vm\runtime\objectMonitor.cpp, line 1491]
Event: 7094.382 Thread 0x000000001d5f9000 Exception <a 'sun/nio/fs/WindowsException'> (0x00000000ebe2b700) thrown at [D:\src\AOSP-openjdk-cygwin\jdk8u\hotspot\src\share\vm\prims\jni.cpp, line 710]

Events (10 events):
Event: 7334.837 Thread 0x0000000015a53800 flushing nmethod 0x000000000398cc50
Event: 7334.837 Thread 0x0000000015a53800 flushing nmethod 0x00000000039a0a10
Event: 7334.877 Thread 0x0000000015a53800 flushing nmethod 0x00000000039e1450
Event: 7334.877 Thread 0x0000000015a53800 flushing nmethod 0x00000000039f9150
Event: 7336.223 Thread 0x0000000015a53800 flushing nmethod 0x0000000004446e90
Event: 7336.223 Thread 0x0000000015a53800 flushing nmethod 0x000000000446ba10
Event: 7338.807 Executing VM operation: RevokeBias
Event: 7338.807 Executing VM operation: RevokeBias done
Event: 7338.807 Thread 0x000000001b3be800 Thread exited: 0x000000001b3be800
Event: 7342.707 Executing VM operation: ParallelGCFailedAllocation


Dynamic libraries:
0x00007ff636450000 - 0x00007ff636481000 	C:\Program Files\Android\Android Studio\jre\bin\java.exe
0x00007fffa23c0000 - 0x00007fffa256a000 	C:\WINDOWS\SYSTEM32\ntdll.dll
0x00007fff9fc40000 - 0x00007fff9fd7a000 	C:\WINDOWS\system32\KERNEL32.DLL
0x00007fff9fa90000 - 0x00007fff9fba0000 	C:\WINDOWS\system32\KERNELBASE.dll
0x00007fffa0980000 - 0x00007fffa0a25000 	C:\WINDOWS\system32\ADVAPI32.dll
0x00007fffa0260000 - 0x00007fffa03d1000 	C:\WINDOWS\system32\USER32.dll
0x00007fff9da60000 - 0x00007fff9dcba000 	C:\WINDOWS\WinSxS\amd64_microsoft.windows.common-controls_6595b64144ccf1df_6.0.9600.17031_none_6242a4b3ecbb55a1\COMCTL32.dll
0x00007fff9fec0000 - 0x00007fff9ff67000 	C:\WINDOWS\system32\msvcrt.dll
0x00007fffa1eb0000 - 0x00007fffa1f07000 	C:\WINDOWS\SYSTEM32\sechost.dll
0x00007fff9fd80000 - 0x00007fff9feb6000 	C:\WINDOWS\system32\RPCRT4.dll
0x00007fff9ff70000 - 0x00007fffa00b5000 	C:\WINDOWS\system32\GDI32.dll
0x00007fffa0880000 - 0x00007fffa08b4000 	C:\WINDOWS\system32\IMM32.DLL
0x00007fffa1f10000 - 0x00007fffa2049000 	C:\WINDOWS\system32\MSCTF.dll
0x0000000054540000 - 0x0000000054612000 	C:\Program Files\Android\Android Studio\jre\jre\bin\msvcr100.dll
0x0000000054700000 - 0x0000000054f46000 	C:\Program Files\Android\Android Studio\jre\jre\bin\server\jvm.dll
0x00007fff9a0b0000 - 0x00007fff9a0b9000 	C:\WINDOWS\SYSTEM32\WSOCK32.dll
0x00007fff94790000 - 0x00007fff947af000 	C:\WINDOWS\SYSTEM32\WINMM.dll
0x00007fff98ae0000 - 0x00007fff98aea000 	C:\WINDOWS\SYSTEM32\VERSION.dll
0x00007fffa22f0000 - 0x00007fffa22f7000 	C:\WINDOWS\system32\PSAPI.DLL
0x00007fffa0400000 - 0x00007fffa0458000 	C:\WINDOWS\system32\WS2_32.dll
0x00007fff94740000 - 0x00007fff9476a000 	C:\WINDOWS\SYSTEM32\WINMMBASE.dll
0x00007fffa03e0000 - 0x00007fffa03e9000 	C:\WINDOWS\system32\NSI.dll
0x00007fff9fba0000 - 0x00007fff9fbea000 	C:\WINDOWS\SYSTEM32\cfgmgr32.dll
0x00007fff9e590000 - 0x00007fff9e5b6000 	C:\WINDOWS\SYSTEM32\DEVOBJ.dll
0x00007fff9a090000 - 0x00007fff9a09f000 	C:\Program Files\Android\Android Studio\jre\jre\bin\verify.dll
0x00007fff9a060000 - 0x00007fff9a089000 	C:\Program Files\Android\Android Studio\jre\jre\bin\java.dll
0x00007fff95230000 - 0x00007fff95246000 	C:\Program Files\Android\Android Studio\jre\jre\bin\zip.dll
0x00007fffa0a90000 - 0x00007fffa1ea7000 	C:\WINDOWS\system32\SHELL32.dll
0x00007fffa0460000 - 0x00007fffa0636000 	C:\WINDOWS\SYSTEM32\combase.dll
0x00007fffa0640000 - 0x00007fffa0691000 	C:\WINDOWS\system32\SHLWAPI.dll
0x00007fff9e290000 - 0x00007fff9e32f000 	C:\WINDOWS\SYSTEM32\SHCORE.dll
0x00007fff9f730000 - 0x00007fff9f744000 	C:\WINDOWS\SYSTEM32\profapi.dll
0x00007fff922d0000 - 0x00007fff922ea000 	C:\Program Files\Android\Android Studio\jre\jre\bin\net.dll
0x00007fff9ef90000 - 0x00007fff9efe8000 	C:\WINDOWS\system32\mswsock.dll
0x00007fff922b0000 - 0x00007fff922c1000 	C:\Program Files\Android\Android Studio\jre\jre\bin\nio.dll
0x00007fff91bc0000 - 0x00007fff91be6000 	C:\Users\Han\.gradle\native\29\windows-amd64\native-platform.dll
0x00007fff98b50000 - 0x00007fff98b5d000 	C:\Program Files\Android\Android Studio\jre\jre\bin\management.dll
0x00007fff9eff0000 - 0x00007fff9f00e000 	C:\WINDOWS\SYSTEM32\CRYPTSP.dll
0x00007fff9ec30000 - 0x00007fff9ec65000 	C:\WINDOWS\system32\rsaenh.dll
0x00007fff9f220000 - 0x00007fff9f246000 	C:\WINDOWS\SYSTEM32\bcrypt.dll
0x00007fff9ed40000 - 0x00007fff9ed5f000 	C:\WINDOWS\SYSTEM32\USERENV.dll
0x00007fff9f540000 - 0x00007fff9f5a0000 	C:\WINDOWS\system32\bcryptprimitives.dll
0x00007fff9f5a0000 - 0x00007fff9f5aa000 	C:\WINDOWS\SYSTEM32\CRYPTBASE.dll
0x00007fff9aa70000 - 0x00007fff9aa99000 	C:\WINDOWS\SYSTEM32\IPHLPAPI.DLL
0x00007fff9aa40000 - 0x00007fff9aa4a000 	C:\WINDOWS\SYSTEM32\WINNSI.DLL
0x00007fff9a530000 - 0x00007fff9a544000 	C:\WINDOWS\SYSTEM32\dhcpcsvc6.DLL
0x00007fff9a710000 - 0x00007fff9a729000 	C:\WINDOWS\SYSTEM32\dhcpcsvc.DLL
0x00007fff91d60000 - 0x00007fff91d84000 	C:\Program Files\Android\Android Studio\jre\jre\bin\sunec.dll
0x00007fff9eda0000 - 0x00007fff9ee43000 	C:\WINDOWS\SYSTEM32\DNSAPI.dll
0x00007fff94e30000 - 0x00007fff94e39000 	C:\Windows\System32\rasadhlp.dll
0x00007fff9a600000 - 0x00007fff9a667000 	C:\WINDOWS\System32\fwpuclnt.dll
0x00007fff92410000 - 0x00007fff9241b000 	C:\Program Files\Android\Android Studio\jre\jre\bin\sunmscapi.dll
0x00007fff9f8b0000 - 0x00007fff9fa87000 	C:\WINDOWS\system32\CRYPT32.dll
0x00007fff9f7e0000 - 0x00007fff9f7f2000 	C:\WINDOWS\system32\MSASN1.dll
0x00007fff9b840000 - 0x00007fff9b9c8000 	C:\WINDOWS\SYSTEM32\dbghelp.dll

VM Arguments:
jvm_args: -Xmx1536m -Dfile.encoding=windows-1252 -Duser.country=US -Duser.language=en -Duser.variant 
java_command: org.gradle.launcher.daemon.bootstrap.GradleDaemon 5.4.1
java_class_path (initial): C:\Users\Han\.gradle\wrapper\dists\gradle-5.4.1-all\3221gyojl5jsh0helicew7rwx\gradle-5.4.1\lib\gradle-launcher-5.4.1.jar
Launcher Type: SUN_STANDARD

Environment Variables:
JAVA_HOME=C:\Program Files\Android\Android Studio\jre
PATH=C:\Program Files (x86)\Common Files\Oracle\Java\javapath;C:\Python27\;C:\Python27\Scripts;C:\Program Files (x86)\Intel\iCLS Client\;C:\Program Files\Intel\iCLS Client\;C:\WINDOWS\system32;C:\WINDOWS;C:\WINDOWS\System32\Wbem;C:\WINDOWS\System32\WindowsPowerShell\v1.0\;C:\Program Files\Intel\Intel(R) Management Engine Components\DAL;C:\Program Files\Intel\Intel(R) Management Engine Components\IPT;C:\Program Files (x86)\Intel\Intel(R) Management Engine Components\DAL;C:\Program Files (x86)\Intel\Intel(R) Management Engine Components\IPT;C:\Program Files (x86)\Common Files\lenovo\easyplussdk\bin;C:\Users\Han\AppData\Roaming\npm;C:\adb;C:\Program Files\Git\cmd;C:\Program Files\Microsoft VS Code\bin;C:\wamp64\bin\php\php7.4.0;C:\composer;C:\flutter\bin;C:\ProgramData\chocolatey\bin;C:\Program Files\nodejs\;C:\Users\Han\AppData\Local\Android\Sdk;C:\Users\Han\AppData\Local\Android\Sdk\platform-tools;C:\Users\Han\AppData\Local\GitHubDesktop\bin;C:\wamp64\bin\php\php7.4.0;C:\Users\Han\AppData\Roaming\Composer\vendor\bin;C:\flutter\bin;C:\Users\Han\AppData\Roaming\npm;C:\Users\Han\AppData\Local\Android\Sdk\platform-tools
USERNAME=Han
OS=Windows_NT
PROCESSOR_IDENTIFIER=Intel64 Family 6 Model 69 Stepping 1, GenuineIntel



---------------  S Y S T E M  ---------------

OS: Windows 8.1 , 64 bit Build 9600 (6.3.9600.17031)

CPU:total 4 (initial active 4) (2 cores per cpu, 2 threads per core) family 6 model 69 stepping 1, cmov, cx8, fxsr, mmx, sse, sse2, sse3, ssse3, sse4.1, sse4.2, popcnt, avx, avx2, aes, clmul, erms, lzcnt, ht, tsc, tscinvbit, bmi1, bmi2

Memory: 4k page, physical 4112528k(187436k free), swap 10247388k(3412664k free)

vm_info: OpenJDK 64-Bit Server VM (25.202-b03) for windows-amd64 JRE (1.8.0_202-release-1483-b03), built by "builder" with MS VC++ 10.0 (VS2010)

time: Fri Sep 25 17:07:26 2020
timezone: E. Africa Standard Time
elapsed time: 7372 seconds (0d 2h 2m 52s)

